<?xml version="1.0" encoding="UTF-8"?>
<!-- Generated by org.testng.reporters.JUnitXMLReporter -->
<testsuite ignored="0" hostname="DESKTOP-KLR1NRG" failures="0" tests="3" name="Default test" time="19.563" errors="0" timestamp="2024-11-14T12:37:42 IST">
  <testcase classname="TestScenarios.TestMethods_Googlesearch" name="searchOperation" time="3.302"/>
  <testcase classname="TestScenarios.TestMethods_Googlesearch" name="VerifyandAccessFacebook" time="4.857"/>
  <testcase classname="TestScenarios.TestMethods_Googlesearch" name="FacebookLogin" time="7.688"/>
</testsuite> <!-- Default test -->
