<?xml version="1.0" encoding="UTF-8"?>
<testng-results ignored="0" total="3" passed="3" failed="0" skipped="0">
  <reporter-output>
  </reporter-output>
  <suite started-at="2024-11-14T13:18:31 IST" name="Suite" finished-at="2024-11-14T13:20:18 IST" duration-ms="107682">
    <groups>
    </groups>
    <test started-at="2024-11-14T13:18:31 IST" name="Test" finished-at="2024-11-14T13:20:18 IST" duration-ms="107682">
      <class name="TestScenarios.TestMethods_Googlesearch">
        <test-method is-config="true" signature="beforetest()[pri:0, instance:TestScenarios.TestMethods_Googlesearch@3c41ed1d]" started-at="2024-11-14T13:18:31 IST" name="beforetest" finished-at="2024-11-14T13:18:36 IST" duration-ms="5411" status="PASS">
          <reporter-output>
          </reporter-output>
        </test-method> <!-- beforetest -->
        <test-method signature="searchOperation()[pri:0, instance:TestScenarios.TestMethods_Googlesearch@3c41ed1d]" started-at="2024-11-14T13:18:36 IST" name="searchOperation" finished-at="2024-11-14T13:18:40 IST" duration-ms="3388" status="PASS">
          <reporter-output>
          </reporter-output>
        </test-method> <!-- searchOperation -->
        <test-method signature="VerifyandAccessFacebook()[pri:1, instance:TestScenarios.TestMethods_Googlesearch@3c41ed1d]" started-at="2024-11-14T13:18:40 IST" name="VerifyandAccessFacebook" finished-at="2024-11-14T13:18:43 IST" duration-ms="3636" status="PASS">
          <reporter-output>
          </reporter-output>
        </test-method> <!-- VerifyandAccessFacebook -->
        <test-method signature="FacebookLogin()[pri:2, instance:TestScenarios.TestMethods_Googlesearch@3c41ed1d]" started-at="2024-11-14T13:18:43 IST" name="FacebookLogin" finished-at="2024-11-14T13:20:18 IST" duration-ms="94455" status="PASS">
          <reporter-output>
          </reporter-output>
        </test-method> <!-- FacebookLogin -->
        <test-method is-config="true" signature="aftertest()[pri:0, instance:TestScenarios.TestMethods_Googlesearch@3c41ed1d]" started-at="2024-11-14T13:20:18 IST" name="aftertest" finished-at="2024-11-14T13:20:18 IST" duration-ms="716" status="PASS">
          <reporter-output>
          </reporter-output>
        </test-method> <!-- aftertest -->
      </class> <!-- TestScenarios.TestMethods_Googlesearch -->
    </test> <!-- Test -->
  </suite> <!-- Suite -->
</testng-results>
